2024-08-15 00:29:48  ERROR --- [org.springframework.boot.SpringApplication]: Application run failed
org.springframework.context.ApplicationContextException: Unable to start web server
	at org.springframework.boot.web.servlet.context.ServletWebServerApplicationContext.onRefresh(ServletWebServerApplicationContext.java:165)
	at org.springframework.context.support.AbstractApplicationContext.refresh(AbstractApplicationContext.java:619)
	at org.springframework.boot.web.servlet.context.ServletWebServerApplicationContext.refresh(ServletWebServerApplicationContext.java:146)
	at org.springframework.boot.SpringApplication.refresh(SpringApplication.java:754)
	at org.springframework.boot.SpringApplication.refreshContext(SpringApplication.java:456)
	at org.springframework.boot.SpringApplication.run(SpringApplication.java:335)
	at org.springframework.boot.SpringApplication.run(SpringApplication.java:1363)
	at org.springframework.boot.SpringApplication.run(SpringApplication.java:1352)
	at com.team5.hospital_here.HospitalHereApplication.main(HospitalHereApplication.java:22)
Caused by: java.lang.IllegalStateException: Unable to create key store: Could not load store from '${SSL_FILE_PATH}'
	at org.springframework.boot.ssl.jks.JksSslStoreBundle.createKeyStore(JksSslStoreBundle.java:94)
	at org.springframework.boot.ssl.jks.JksSslStoreBundle.<init>(JksSslStoreBundle.java:57)
	at org.springframework.boot.web.server.WebServerSslBundle.createJksKeyStoreBundle(WebServerSslBundle.java:80)
	at org.springframework.boot.web.server.WebServerSslBundle.createKeyStore(WebServerSslBundle.java:157)
	at org.springframework.boot.web.server.WebServerSslBundle.createStoreBundle(WebServerSslBundle.java:147)
	at org.springframework.boot.web.server.WebServerSslBundle.get(WebServerSslBundle.java:142)
	at org.springframework.boot.web.server.AbstractConfigurableWebServerFactory.getSslBundle(AbstractConfigurableWebServerFactory.java:198)
	at org.springframework.boot.web.embedded.tomcat.TomcatServletWebServerFactory.customizeSsl(TomcatServletWebServerFactory.java:383)
	at org.springframework.boot.web.embedded.tomcat.TomcatServletWebServerFactory.customizeConnector(TomcatServletWebServerFactory.java:359)
	at org.springframework.boot.web.embedded.tomcat.TomcatServletWebServerFactory.getWebServer(TomcatServletWebServerFactory.java:212)
	at org.springframework.boot.web.servlet.context.ServletWebServerApplicationContext.createWebServer(ServletWebServerApplicationContext.java:188)
	at org.springframework.boot.web.servlet.context.ServletWebServerApplicationContext.onRefresh(ServletWebServerApplicationContext.java:162)
	... 8 common frames omitted
Caused by: java.lang.IllegalStateException: Could not load store from '${SSL_FILE_PATH}'
	at org.springframework.boot.ssl.jks.JksSslStoreBundle.loadKeyStore(JksSslStoreBundle.java:123)
	at org.springframework.boot.ssl.jks.JksSslStoreBundle.createKeyStore(JksSslStoreBundle.java:89)
	... 19 common frames omitted
Caused by: java.io.FileNotFoundException: ${SSL_FILE_PATH}
	at org.springframework.core.io.FileSystemResource.getInputStream(FileSystemResource.java:196)
	at org.springframework.boot.ssl.jks.JksSslStoreBundle.loadKeyStore(JksSslStoreBundle.java:118)
	... 20 common frames omitted
2024-08-15 00:48:32  ERROR --- [com.team5.hospital_here.common.exception.GlobalExceptionHandler]: ### ERROR!! code: 404, code name: CHAT_ROOM_NOT_EXIST, code message: 채팅방 목록이 없습니다
2024-08-15 02:31:05  ERROR --- [com.team5.hospital_here.common.exception.GlobalExceptionHandler]: ### ERROR!! code: 401, code name: INVALID_USER_CREDENTIALS, code message: 비밀번호가 틀렸습니다.
2024-08-15 11:39:50  ERROR --- [com.team5.hospital_here.common.exception.GlobalExceptionHandler]: ### ERROR!! code: 404, code name: CHAT_ROOM_NOT_EXIST, code message: 채팅방 목록이 없습니다
2024-08-15 11:42:06  ERROR --- [com.team5.hospital_here.common.exception.GlobalExceptionHandler]: ### ERROR!! code: 403, code name: POST_LIKE_NOT_FOUND, code message: 이미 싫어요를 누른 게시글입니다.
2024-08-15 11:42:09  ERROR --- [com.team5.hospital_here.common.exception.GlobalExceptionHandler]: ### ERROR!! code: 403, code name: POST_ALREADY_LIKED, code message: 이미 좋아요를 누른 게시글입니다.
2024-08-15 11:50:36  ERROR --- [com.team5.hospital_here.common.exception.GlobalExceptionHandler]: ### ERROR!! code: 404, code name: CHAT_ROOM_NOT_EXIST, code message: 채팅방 목록이 없습니다
2024-08-15 11:52:03  ERROR --- [com.team5.hospital_here.common.exception.GlobalExceptionHandler]: ### ERROR!! code: 404, code name: CHAT_ROOM_NOT_EXIST, code message: 채팅방 목록이 없습니다
2024-08-15 11:52:06  ERROR --- [com.team5.hospital_here.common.exception.GlobalExceptionHandler]: ### ERROR!! code: 404, code name: CHAT_ROOM_NOT_EXIST, code message: 채팅방 목록이 없습니다
2024-08-15 11:52:16  ERROR --- [com.team5.hospital_here.common.exception.GlobalExceptionHandler]: ### ERROR!! code: 404, code name: CHAT_ROOM_NOT_EXIST, code message: 채팅방 목록이 없습니다
2024-08-15 11:52:17  ERROR --- [com.team5.hospital_here.common.exception.GlobalExceptionHandler]: ### ERROR!! code: 404, code name: CHAT_ROOM_NOT_EXIST, code message: 채팅방 목록이 없습니다
2024-08-15 11:52:24  ERROR --- [com.team5.hospital_here.common.exception.GlobalExceptionHandler]: ### ERROR!! code: 404, code name: CHAT_ROOM_NOT_EXIST, code message: 채팅방 목록이 없습니다
2024-08-15 11:54:18  ERROR --- [com.team5.hospital_here.common.exception.GlobalExceptionHandler]: ### ERROR!! code: 404, code name: CHAT_ROOM_NOT_EXIST, code message: 채팅방 목록이 없습니다
2024-08-15 11:54:19  ERROR --- [com.team5.hospital_here.common.exception.GlobalExceptionHandler]: ### ERROR!! code: 404, code name: CHAT_ROOM_NOT_EXIST, code message: 채팅방 목록이 없습니다
2024-08-15 11:54:21  ERROR --- [com.team5.hospital_here.common.exception.GlobalExceptionHandler]: ### ERROR!! code: 404, code name: CHAT_ROOM_NOT_EXIST, code message: 채팅방 목록이 없습니다
2024-08-15 11:57:03  ERROR --- [com.team5.hospital_here.common.exception.GlobalExceptionHandler]: ### ERROR!! code: 404, code name: CHAT_ROOM_NOT_EXIST, code message: 채팅방 목록이 없습니다
2024-08-15 11:57:05  ERROR --- [com.team5.hospital_here.common.exception.GlobalExceptionHandler]: ### ERROR!! code: 404, code name: CHAT_ROOM_NOT_EXIST, code message: 채팅방 목록이 없습니다
2024-08-15 11:58:16  ERROR --- [com.team5.hospital_here.common.exception.GlobalExceptionHandler]: ### ERROR!! code: 404, code name: CHAT_ROOM_NOT_EXIST, code message: 채팅방 목록이 없습니다
2024-08-15 11:58:18  ERROR --- [com.team5.hospital_here.common.exception.GlobalExceptionHandler]: ### ERROR!! code: 404, code name: CHAT_ROOM_NOT_EXIST, code message: 채팅방 목록이 없습니다
2024-08-15 11:59:00  ERROR --- [com.team5.hospital_here.common.exception.GlobalExceptionHandler]: ### ERROR!! code: 404, code name: CHAT_ROOM_NOT_EXIST, code message: 채팅방 목록이 없습니다
2024-08-15 12:05:02  ERROR --- [com.team5.hospital_here.common.exception.GlobalExceptionHandler]: ### ERROR!! code: 404, code name: CHAT_ROOM_NOT_EXIST, code message: 채팅방 목록이 없습니다
2024-08-15 12:05:58  ERROR --- [com.team5.hospital_here.common.exception.GlobalExceptionHandler]: ### ERROR!! code: 404, code name: CHAT_ROOM_NOT_EXIST, code message: 채팅방 목록이 없습니다
2024-08-15 12:06:01  ERROR --- [com.team5.hospital_here.common.exception.GlobalExceptionHandler]: ### ERROR!! code: 404, code name: CHAT_ROOM_NOT_EXIST, code message: 채팅방 목록이 없습니다
2024-08-15 12:11:39  ERROR --- [com.team5.hospital_here.common.exception.GlobalExceptionHandler]: ### ERROR!! code: 404, code name: CHAT_ROOM_NOT_EXIST, code message: 채팅방 목록이 없습니다
2024-08-15 12:11:41  ERROR --- [com.team5.hospital_here.common.exception.GlobalExceptionHandler]: ### ERROR!! code: 404, code name: CHAT_ROOM_NOT_EXIST, code message: 채팅방 목록이 없습니다
2024-08-15 12:17:30  ERROR --- [com.team5.hospital_here.common.exception.GlobalExceptionHandler]: ### ERROR!! code: 404, code name: CHAT_ROOM_NOT_EXIST, code message: 채팅방 목록이 없습니다
2024-08-15 12:17:32  ERROR --- [com.team5.hospital_here.common.exception.GlobalExceptionHandler]: ### ERROR!! code: 404, code name: CHAT_ROOM_NOT_EXIST, code message: 채팅방 목록이 없습니다
2024-08-15 12:17:34  ERROR --- [com.team5.hospital_here.common.exception.GlobalExceptionHandler]: ### ERROR!! code: 404, code name: CHAT_ROOM_NOT_EXIST, code message: 채팅방 목록이 없습니다
2024-08-15 12:17:35  ERROR --- [com.team5.hospital_here.common.exception.GlobalExceptionHandler]: ### ERROR!! code: 404, code name: CHAT_ROOM_NOT_EXIST, code message: 채팅방 목록이 없습니다
2024-08-15 12:19:08  ERROR --- [com.team5.hospital_here.common.exception.GlobalExceptionHandler]: ### ERROR!! code: 401, code name: INVALID_REFRESH_TOKEN, code message: 토큰 정보가 일치하지 않습니다.
2024-08-15 12:22:06  ERROR --- [org.apache.catalina.core.ContainerBase.[Tomcat].[localhost].[/].[dispatcherServlet]]: Servlet.service() for servlet [dispatcherServlet] in context with path [] threw exception [Request processing failed: jakarta.validation.ConstraintViolationException: Validation failed for classes [com.team5.hospital_here.board.domain.Board] during persist time for groups [jakarta.validation.groups.Default, ]
List of constraint violations:[
	ConstraintViolationImpl{interpolatedMessage='필수 입력값 입니다.', propertyPath=name, rootBeanClass=class com.team5.hospital_here.board.domain.Board, messageTemplate='필수 입력값 입니다.'}
]] with root cause
jakarta.validation.ConstraintViolationException: Validation failed for classes [com.team5.hospital_here.board.domain.Board] during persist time for groups [jakarta.validation.groups.Default, ]
List of constraint violations:[
	ConstraintViolationImpl{interpolatedMessage='필수 입력값 입니다.', propertyPath=name, rootBeanClass=class com.team5.hospital_here.board.domain.Board, messageTemplate='필수 입력값 입니다.'}
]
	at org.hibernate.boot.beanvalidation.BeanValidationEventListener.validate(BeanValidationEventListener.java:151)
	at org.hibernate.boot.beanvalidation.BeanValidationEventListener.onPreInsert(BeanValidationEventListener.java:81)
	at org.hibernate.action.internal.EntityIdentityInsertAction.preInsert(EntityIdentityInsertAction.java:201)
	at org.hibernate.action.internal.EntityIdentityInsertAction.execute(EntityIdentityInsertAction.java:79)
	at org.hibernate.engine.spi.ActionQueue.execute(ActionQueue.java:670)
	at org.hibernate.engine.spi.ActionQueue.addResolvedEntityInsertAction(ActionQueue.java:291)
	at org.hibernate.engine.spi.ActionQueue.addInsertAction(ActionQueue.java:272)
	at org.hibernate.engine.spi.ActionQueue.addAction(ActionQueue.java:322)
	at org.hibernate.event.internal.AbstractSaveEventListener.addInsertAction(AbstractSaveEventListener.java:391)
	at org.hibernate.event.internal.AbstractSaveEventListener.performSaveOrReplicate(AbstractSaveEventListener.java:305)
	at org.hibernate.event.internal.AbstractSaveEventListener.performSave(AbstractSaveEventListener.java:224)
	at org.hibernate.event.internal.AbstractSaveEventListener.saveWithGeneratedId(AbstractSaveEventListener.java:137)
	at org.hibernate.event.internal.DefaultPersistEventListener.entityIsTransient(DefaultPersistEventListener.java:175)
	at org.hibernate.event.internal.DefaultPersistEventListener.persist(DefaultPersistEventListener.java:93)
	at org.hibernate.event.internal.DefaultPersistEventListener.onPersist(DefaultPersistEventListener.java:77)
	at org.hibernate.event.internal.DefaultPersistEventListener.onPersist(DefaultPersistEventListener.java:54)
	at org.hibernate.event.service.internal.EventListenerGroupImpl.fireEventOnEachListener(EventListenerGroupImpl.java:127)
	at org.hibernate.internal.SessionImpl.firePersist(SessionImpl.java:757)
	at org.hibernate.internal.SessionImpl.persist(SessionImpl.java:741)
	at jdk.internal.reflect.GeneratedMethodAccessor101.invoke(Unknown Source)
	at java.base/jdk.internal.reflect.DelegatingMethodAccessorImpl.invoke(DelegatingMethodAccessorImpl.java:43)
	at java.base/java.lang.reflect.Method.invoke(Method.java:568)
	at org.springframework.orm.jpa.ExtendedEntityManagerCreator$ExtendedEntityManagerInvocationHandler.invoke(ExtendedEntityManagerCreator.java:364)
	at jdk.proxy2/jdk.proxy2.$Proxy151.persist(Unknown Source)
	at jdk.internal.reflect.GeneratedMethodAccessor101.invoke(Unknown Source)
	at java.base/jdk.internal.reflect.DelegatingMethodAccessorImpl.invoke(DelegatingMethodAccessorImpl.java:43)
	at java.base/java.lang.reflect.Method.invoke(Method.java:568)
	at org.springframework.orm.jpa.SharedEntityManagerCreator$SharedEntityManagerInvocationHandler.invoke(SharedEntityManagerCreator.java:319)
	at jdk.proxy2/jdk.proxy2.$Proxy151.persist(Unknown Source)
	at org.springframework.data.jpa.repository.support.SimpleJpaRepository.save(SimpleJpaRepository.java:629)
	at jdk.internal.reflect.GeneratedMethodAccessor100.invoke(Unknown Source)
	at java.base/jdk.internal.reflect.DelegatingMethodAccessorImpl.invoke(DelegatingMethodAccessorImpl.java:43)
	at java.base/java.lang.reflect.Method.invoke(Method.java:568)
	at org.springframework.aop.support.AopUtils.invokeJoinpointUsingReflection(AopUtils.java:354)
	at org.springframework.data.repository.core.support.RepositoryMethodInvoker$RepositoryFragmentMethodInvoker.lambda$new$0(RepositoryMethodInvoker.java:277)
	at org.springframework.data.repository.core.support.RepositoryMethodInvoker.doInvoke(RepositoryMethodInvoker.java:170)
	at org.springframework.data.repository.core.support.RepositoryMethodInvoker.invoke(RepositoryMethodInvoker.java:158)
	at org.springframework.data.repository.core.support.RepositoryComposition$RepositoryFragments.invoke(RepositoryComposition.java:516)
	at org.springframework.data.repository.core.support.RepositoryComposition.invoke(RepositoryComposition.java:285)
	at org.springframework.data.repository.core.support.RepositoryFactorySupport$ImplementationMethodExecutionInterceptor.invoke(RepositoryFactorySupport.java:628)
	at org.springframework.aop.framework.ReflectiveMethodInvocation.proceed(ReflectiveMethodInvocation.java:184)
	at org.springframework.data.repository.core.support.QueryExecutorMethodInterceptor.doInvoke(QueryExecutorMethodInterceptor.java:168)
	at org.springframework.data.repository.core.support.QueryExecutorMethodInterceptor.invoke(QueryExecutorMethodInterceptor.java:143)
	at org.springframework.aop.framework.ReflectiveMethodInvocation.proceed(ReflectiveMethodInvocation.java:184)
	at org.springframework.data.projection.DefaultMethodInvokingMethodInterceptor.invoke(DefaultMethodInvokingMethodInterceptor.java:70)
	at org.springframework.aop.framework.ReflectiveMethodInvocation.proceed(ReflectiveMethodInvocation.java:184)
	at org.springframework.transaction.interceptor.TransactionAspectSupport.invokeWithinTransaction(TransactionAspectSupport.java:379)
	at org.springframework.transaction.interceptor.TransactionInterceptor.invoke(TransactionInterceptor.java:119)
	at org.springframework.aop.framework.ReflectiveMethodInvocation.proceed(ReflectiveMethodInvocation.java:184)
	at org.springframework.dao.support.PersistenceExceptionTranslationInterceptor.invoke(PersistenceExceptionTranslationInterceptor.java:138)
	at org.springframework.aop.framework.ReflectiveMethodInvocation.proceed(ReflectiveMethodInvocation.java:184)
	at org.springframework.data.jpa.repository.support.CrudMethodMetadataPostProcessor$CrudMethodMetadataPopulatingMethodInterceptor.invoke(CrudMethodMetadataPostProcessor.java:165)
	at org.springframework.aop.framework.ReflectiveMethodInvocation.proceed(ReflectiveMethodInvocation.java:184)
	at org.springframework.aop.interceptor.ExposeInvocationInterceptor.invoke(ExposeInvocationInterceptor.java:97)
	at org.springframework.aop.framework.ReflectiveMethodInvocation.proceed(ReflectiveMethodInvocation.java:184)
	at org.springframework.aop.framework.JdkDynamicAopProxy.invoke(JdkDynamicAopProxy.java:223)
	at jdk.proxy2/jdk.proxy2.$Proxy154.save(Unknown Source)
	at com.team5.hospital_here.board.service.Impl.BoardServiceImpl.createBoard(BoardServiceImpl.java:28)
	at java.base/jdk.internal.reflect.NativeMethodAccessorImpl.invoke0(Native Method)
	at java.base/jdk.internal.reflect.NativeMethodAccessorImpl.invoke(NativeMethodAccessorImpl.java:77)
	at java.base/jdk.internal.reflect.DelegatingMethodAccessorImpl.invoke(DelegatingMethodAccessorImpl.java:43)
	at java.base/java.lang.reflect.Method.invoke(Method.java:568)
	at org.springframework.aop.support.AopUtils.invokeJoinpointUsingReflection(AopUtils.java:354)
	at org.springframework.aop.framework.ReflectiveMethodInvocation.invokeJoinpoint(ReflectiveMethodInvocation.java:196)
	at org.springframework.aop.framework.ReflectiveMethodInvocation.proceed(ReflectiveMethodInvocation.java:163)
	at org.springframework.aop.framework.CglibAopProxy$CglibMethodInvocation.proceed(CglibAopProxy.java:768)
	at org.springframework.transaction.interceptor.TransactionAspectSupport.invokeWithinTransaction(TransactionAspectSupport.java:379)
	at org.springframework.transaction.interceptor.TransactionInterceptor.invoke(TransactionInterceptor.java:119)
	at org.springframework.aop.framework.ReflectiveMethodInvocation.proceed(ReflectiveMethodInvocation.java:184)
	at org.springframework.aop.framework.CglibAopProxy$CglibMethodInvocation.proceed(CglibAopProxy.java:768)
	at org.springframework.aop.framework.CglibAopProxy$DynamicAdvisedInterceptor.intercept(CglibAopProxy.java:720)
	at com.team5.hospital_here.board.service.Impl.BoardServiceImpl$$SpringCGLIB$$0.createBoard(<generated>)
	at com.team5.hospital_here.board.controller.BoardController.createBoard(BoardController.java:25)
	at java.base/jdk.internal.reflect.NativeMethodAccessorImpl.invoke0(Native Method)
	at java.base/jdk.internal.reflect.NativeMethodAccessorImpl.invoke(NativeMethodAccessorImpl.java:77)
	at java.base/jdk.internal.reflect.DelegatingMethodAccessorImpl.invoke(DelegatingMethodAccessorImpl.java:43)
	at java.base/java.lang.reflect.Method.invoke(Method.java:568)
	at org.springframework.web.method.support.InvocableHandlerMethod.doInvoke(InvocableHandlerMethod.java:255)
	at org.springframework.web.method.support.InvocableHandlerMethod.invokeForRequest(InvocableHandlerMethod.java:188)
	at org.springframework.web.servlet.mvc.method.annotation.ServletInvocableHandlerMethod.invokeAndHandle(ServletInvocableHandlerMethod.java:118)
	at org.springframework.web.servlet.mvc.method.annotation.RequestMappingHandlerAdapter.invokeHandlerMethod(RequestMappingHandlerAdapter.java:926)
	at org.springframework.web.servlet.mvc.method.annotation.RequestMappingHandlerAdapter.handleInternal(RequestMappingHandlerAdapter.java:831)
	at org.springframework.web.servlet.mvc.method.AbstractHandlerMethodAdapter.handle(AbstractHandlerMethodAdapter.java:87)
	at org.springframework.web.servlet.DispatcherServlet.doDispatch(DispatcherServlet.java:1089)
	at org.springframework.web.servlet.DispatcherServlet.doService(DispatcherServlet.java:979)
	at org.springframework.web.servlet.FrameworkServlet.processRequest(FrameworkServlet.java:1014)
	at org.springframework.web.servlet.FrameworkServlet.doPost(FrameworkServlet.java:914)
	at jakarta.servlet.http.HttpServlet.service(HttpServlet.java:590)
	at org.springframework.web.servlet.FrameworkServlet.service(FrameworkServlet.java:885)
	at jakarta.servlet.http.HttpServlet.service(HttpServlet.java:658)
	at org.apache.catalina.core.ApplicationFilterChain.internalDoFilter(ApplicationFilterChain.java:195)
	at org.apache.catalina.core.ApplicationFilterChain.doFilter(ApplicationFilterChain.java:140)
	at org.apache.tomcat.websocket.server.WsFilter.doFilter(WsFilter.java:51)
	at org.apache.catalina.core.ApplicationFilterChain.internalDoFilter(ApplicationFilterChain.java:164)
	at org.apache.catalina.core.ApplicationFilterChain.doFilter(ApplicationFilterChain.java:140)
	at org.springframework.web.filter.OncePerRequestFilter.doFilter(OncePerRequestFilter.java:110)
	at org.apache.catalina.core.ApplicationFilterChain.internalDoFilter(ApplicationFilterChain.java:164)
	at org.apache.catalina.core.ApplicationFilterChain.doFilter(ApplicationFilterChain.java:140)
	at org.springframework.web.filter.CompositeFilter$VirtualFilterChain.doFilter(CompositeFilter.java:108)
	at org.springframework.security.web.FilterChainProxy.lambda$doFilterInternal$3(FilterChainProxy.java:231)
	at org.springframework.security.web.FilterChainProxy$VirtualFilterChain.doFilter(FilterChainProxy.java:365)
	at org.springframework.security.web.access.intercept.AuthorizationFilter.doFilter(AuthorizationFilter.java:100)
	at org.springframework.security.web.FilterChainProxy$VirtualFilterChain.doFilter(FilterChainProxy.java:374)
	at org.springframework.security.web.access.ExceptionTranslationFilter.doFilter(ExceptionTranslationFilter.java:126)
	at org.springframework.security.web.access.ExceptionTranslationFilter.doFilter(ExceptionTranslationFilter.java:120)
	at org.springframework.security.web.FilterChainProxy$VirtualFilterChain.doFilter(FilterChainProxy.java:374)
	at org.springframework.security.web.session.SessionManagementFilter.doFilter(SessionManagementFilter.java:131)
	at org.springframework.security.web.session.SessionManagementFilter.doFilter(SessionManagementFilter.java:85)
	at org.springframework.security.web.FilterChainProxy$VirtualFilterChain.doFilter(FilterChainProxy.java:374)
	at org.springframework.security.web.authentication.AnonymousAuthenticationFilter.doFilter(AnonymousAuthenticationFilter.java:100)
	at org.springframework.security.web.FilterChainProxy$VirtualFilterChain.doFilter(FilterChainProxy.java:374)
	at org.springframework.security.web.servletapi.SecurityContextHolderAwareRequestFilter.doFilter(SecurityContextHolderAwareRequestFilter.java:179)
	at org.springframework.security.web.FilterChainProxy$VirtualFilterChain.doFilter(FilterChainProxy.java:374)
	at org.springframework.security.web.savedrequest.RequestCacheAwareFilter.doFilter(RequestCacheAwareFilter.java:63)
	at org.springframework.security.web.FilterChainProxy$VirtualFilterChain.doFilter(FilterChainProxy.java:374)
	at org.springframework.security.web.authentication.ui.DefaultLogoutPageGeneratingFilter.doFilterInternal(DefaultLogoutPageGeneratingFilter.java:58)
	at org.springframework.web.filter.OncePerRequestFilter.doFilter(OncePerRequestFilter.java:116)
	at org.springframework.security.web.FilterChainProxy$VirtualFilterChain.doFilter(FilterChainProxy.java:374)
	at org.springframework.security.web.authentication.ui.DefaultLoginPageGeneratingFilter.doFilter(DefaultLoginPageGeneratingFilter.java:189)
	at org.springframework.security.web.authentication.ui.DefaultLoginPageGeneratingFilter.doFilter(DefaultLoginPageGeneratingFilter.java:175)
	at org.springframework.security.web.FilterChainProxy$VirtualFilterChain.doFilter(FilterChainProxy.java:374)
	at com.team5.hospital_here.common.jwt.JwtAuthenticationFilter.doFilterInternal(JwtAuthenticationFilter.java:58)
	at org.springframework.web.filter.OncePerRequestFilter.doFilter(OncePerRequestFilter.java:116)
	at org.springframework.security.web.FilterChainProxy$VirtualFilterChain.doFilter(FilterChainProxy.java:374)
	at org.springframework.security.web.authentication.AbstractAuthenticationProcessingFilter.doFilter(AbstractAuthenticationProcessingFilter.java:227)
	at org.springframework.security.web.authentication.AbstractAuthenticationProcessingFilter.doFilter(AbstractAuthenticationProcessingFilter.java:221)
	at org.springframework.security.web.FilterChainProxy$VirtualFilterChain.doFilter(FilterChainProxy.java:374)
	at org.springframework.security.oauth2.client.web.OAuth2AuthorizationRequestRedirectFilter.doFilterInternal(OAuth2AuthorizationRequestRedirectFilter.java:198)
	at org.springframework.web.filter.OncePerRequestFilter.doFilter(OncePerRequestFilter.java:116)
	at org.springframework.security.web.FilterChainProxy$VirtualFilterChain.doFilter(FilterChainProxy.java:374)
	at org.springframework.security.web.authentication.logout.LogoutFilter.doFilter(LogoutFilter.java:107)
	at org.springframework.security.web.authentication.logout.LogoutFilter.doFilter(LogoutFilter.java:93)
	at org.springframework.security.web.FilterChainProxy$VirtualFilterChain.doFilter(FilterChainProxy.java:374)
	at org.springframework.web.filter.CorsFilter.doFilterInternal(CorsFilter.java:91)
	at org.springframework.web.filter.OncePerRequestFilter.doFilter(OncePerRequestFilter.java:116)
	at org.springframework.security.web.FilterChainProxy$VirtualFilterChain.doFilter(FilterChainProxy.java:374)
	at org.springframework.security.web.header.HeaderWriterFilter.doHeadersAfter(HeaderWriterFilter.java:90)
	at org.springframework.security.web.header.HeaderWriterFilter.doFilterInternal(HeaderWriterFilter.java:75)
	at org.springframework.web.filter.OncePerRequestFilter.doFilter(OncePerRequestFilter.java:116)
	at org.springframework.security.web.FilterChainProxy$VirtualFilterChain.doFilter(FilterChainProxy.java:374)
	at org.springframework.security.web.context.SecurityContextHolderFilter.doFilter(SecurityContextHolderFilter.java:82)
	at org.springframework.security.web.context.SecurityContextHolderFilter.doFilter(SecurityContextHolderFilter.java:69)
	at org.springframework.security.web.FilterChainProxy$VirtualFilterChain.doFilter(FilterChainProxy.java:374)
	at org.springframework.security.web.context.request.async.WebAsyncManagerIntegrationFilter.doFilterInternal(WebAsyncManagerIntegrationFilter.java:62)
	at org.springframework.web.filter.OncePerRequestFilter.doFilter(OncePerRequestFilter.java:116)
	at org.springframework.security.web.FilterChainProxy$VirtualFilterChain.doFilter(FilterChainProxy.java:374)
	at org.springframework.security.web.session.DisableEncodeUrlFilter.doFilterInternal(DisableEncodeUrlFilter.java:42)
	at org.springframework.web.filter.OncePerRequestFilter.doFilter(OncePerRequestFilter.java:116)
	at org.springframework.security.web.FilterChainProxy$VirtualFilterChain.doFilter(FilterChainProxy.java:374)
	at org.springframework.security.web.FilterChainProxy.doFilterInternal(FilterChainProxy.java:233)
	at org.springframework.security.web.FilterChainProxy.doFilter(FilterChainProxy.java:191)
	at org.springframework.web.filter.CompositeFilter$VirtualFilterChain.doFilter(CompositeFilter.java:113)
	at org.springframework.web.servlet.handler.HandlerMappingIntrospector.lambda$createCacheFilter$3(HandlerMappingIntrospector.java:195)
	at org.springframework.web.filter.CompositeFilter$VirtualFilterChain.doFilter(CompositeFilter.java:113)
	at org.springframework.web.filter.CompositeFilter.doFilter(CompositeFilter.java:74)
	at org.springframework.security.config.annotation.web.configuration.WebMvcSecurityConfiguration$CompositeFilterChainProxy.doFilter(WebMvcSecurityConfiguration.java:230)
	at org.springframework.web.filter.DelegatingFilterProxy.invokeDelegate(DelegatingFilterProxy.java:352)
	at org.springframework.web.filter.DelegatingFilterProxy.doFilter(DelegatingFilterProxy.java:268)
	at org.apache.catalina.core.ApplicationFilterChain.internalDoFilter(ApplicationFilterChain.java:164)
	at org.apache.catalina.core.ApplicationFilterChain.doFilter(ApplicationFilterChain.java:140)
	at org.springframework.web.filter.RequestContextFilter.doFilterInternal(RequestContextFilter.java:100)
	at org.springframework.web.filter.OncePerRequestFilter.doFilter(OncePerRequestFilter.java:116)
	at org.apache.catalina.core.ApplicationFilterChain.internalDoFilter(ApplicationFilterChain.java:164)
	at org.apache.catalina.core.ApplicationFilterChain.doFilter(ApplicationFilterChain.java:140)
	at org.springframework.web.filter.FormContentFilter.doFilterInternal(FormContentFilter.java:93)
	at org.springframework.web.filter.OncePerRequestFilter.doFilter(OncePerRequestFilter.java:116)
	at org.apache.catalina.core.ApplicationFilterChain.internalDoFilter(ApplicationFilterChain.java:164)
	at org.apache.catalina.core.ApplicationFilterChain.doFilter(ApplicationFilterChain.java:140)
	at org.springframework.web.filter.CharacterEncodingFilter.doFilterInternal(CharacterEncodingFilter.java:201)
	at org.springframework.web.filter.OncePerRequestFilter.doFilter(OncePerRequestFilter.java:116)
	at org.apache.catalina.core.ApplicationFilterChain.internalDoFilter(ApplicationFilterChain.java:164)
	at org.apache.catalina.core.ApplicationFilterChain.doFilter(ApplicationFilterChain.java:140)
	at org.apache.catalina.core.StandardWrapperValve.invoke(StandardWrapperValve.java:167)
	at org.apache.catalina.core.StandardContextValve.invoke(StandardContextValve.java:90)
	at org.apache.catalina.authenticator.AuthenticatorBase.invoke(AuthenticatorBase.java:483)
	at org.apache.catalina.core.StandardHostValve.invoke(StandardHostValve.java:115)
	at org.apache.catalina.valves.ErrorReportValve.invoke(ErrorReportValve.java:93)
	at org.apache.catalina.core.StandardEngineValve.invoke(StandardEngineValve.java:74)
	at org.apache.catalina.connector.CoyoteAdapter.service(CoyoteAdapter.java:344)
	at org.apache.coyote.http11.Http11Processor.service(Http11Processor.java:389)
	at org.apache.coyote.AbstractProcessorLight.process(AbstractProcessorLight.java:63)
	at org.apache.coyote.AbstractProtocol$ConnectionHandler.process(AbstractProtocol.java:904)
	at org.apache.tomcat.util.net.NioEndpoint$SocketProcessor.doRun(NioEndpoint.java:1741)
	at org.apache.tomcat.util.net.SocketProcessorBase.run(SocketProcessorBase.java:52)
	at org.apache.tomcat.util.threads.ThreadPoolExecutor.runWorker(ThreadPoolExecutor.java:1190)
	at org.apache.tomcat.util.threads.ThreadPoolExecutor$Worker.run(ThreadPoolExecutor.java:659)
	at org.apache.tomcat.util.threads.TaskThread$WrappingRunnable.run(TaskThread.java:63)
	at java.base/java.lang.Thread.run(Thread.java:840)
